<?xml version="1.0" encoding="UTF-8"?>
<!-- Generated by org.testng.reporters.JUnitReportReporter -->
<testsuite hostname="INBook_X1" failures="0" tests="1" name="mavenForJenkins.weatherReport" time="13.248" errors="0" timestamp="2023-01-17T15:40:05 IST" skipped="0">
  <testcase classname="mavenForJenkins.weatherReport" name="getWeatherreport" time="13.248"/>
  <system-out/>
</testsuite> <!-- mavenForJenkins.weatherReport -->
