<?xml version="1.0" encoding="UTF-8"?>
<!-- Generated by org.testng.reporters.JUnitReportReporter -->
<testsuite hostname="INBook_X1" failures="0" tests="1" name="mavenForJenkins.weatherReport" time="14.149" errors="0" timestamp="2023-01-17T23:45:12 IST" skipped="0">
  <testcase classname="mavenForJenkins.weatherReport" name="getWeatherreport" time="14.149"/>
  <system-out/>
</testsuite> <!-- mavenForJenkins.weatherReport -->
